This is pdfTeX, Version 3.1415926-2.5-1.40.14 (TeX Live 2013) (format=pdflatex 2014.5.6)  9 SEP 2015 22:40
entering extended mode
 restricted \write18 enabled.
 %&-line parsing enabled.
**msr_journal.tex
(./msr_journal.tex
LaTeX2e <2011/06/27>
Babel <3.9f> and hyphenation patterns for 78 languages loaded.

LaTeX Warning: File `example.eps' already exists on the system.
               Not generating it from this source.

(/usr/local/texlive/2013/texmf-dist/tex/latex/base/fix-cm.sty
Package: fix-cm 2006/09/13 v1.1m fixes to LaTeX

(/usr/local/texlive/2013/texmf-dist/tex/latex/base/ts1enc.def
File: ts1enc.def 2001/06/05 v3.0e (jk/car/fm) Standard LaTeX file
)) (./svjour3.cls
Document Class: svjour3 2007/05/08 v3.2 
LaTeX document class for Springer journals
Class Springer-SVJour3 Info: extra/valid Springer sub-package (-> *.clo) 
(Springer-SVJour3)           not found in option list of \documentclass
(Springer-SVJour3)           - autoactivating "global" style.
(./svglov3.clo
File: svglov3.clo 2009/12/18 v3.2 style option for standardised journals

SVJour Class option: svglov3.clo for standardised journals
)
LaTeX Font Info:    Redeclaring math symbol \Gamma on input line 147.
LaTeX Font Info:    Redeclaring math symbol \Delta on input line 148.
LaTeX Font Info:    Redeclaring math symbol \Theta on input line 149.
LaTeX Font Info:    Redeclaring math symbol \Lambda on input line 150.
LaTeX Font Info:    Redeclaring math symbol \Xi on input line 151.
LaTeX Font Info:    Redeclaring math symbol \Pi on input line 152.
LaTeX Font Info:    Redeclaring math symbol \Sigma on input line 153.
LaTeX Font Info:    Redeclaring math symbol \Upsilon on input line 154.
LaTeX Font Info:    Redeclaring math symbol \Phi on input line 155.
LaTeX Font Info:    Redeclaring math symbol \Psi on input line 156.
LaTeX Font Info:    Redeclaring math symbol \Omega on input line 157.
\logodepth=\dimen102
\headerboxheight=\dimen103
\betweenumberspace=\dimen104
\aftertext=\dimen105
\headlineindent=\dimen106
\c@inst=\count79
\c@auth=\count80
\instindent=\dimen107
\authrun=\box26
\authorrunning=\toks14
\titrun=\box27
\titlerunning=\toks15
\combirun=\box28
\c@lastpage=\count81
\rubricwidth=\dimen108
\c@section=\count82
\c@subsection=\count83
\c@subsubsection=\count84
\c@paragraph=\count85
\c@subparagraph=\count86
\spthmsep=\dimen109
\c@theorem=\count87
\c@case=\count88
\c@conjecture=\count89
\c@corollary=\count90
\c@definition=\count91
\c@example=\count92
\c@exercise=\count93
\c@lemma=\count94
\c@note=\count95
\c@problem=\count96
\c@property=\count97
\c@proposition=\count98
\c@question=\count99
\c@solution=\count100
\c@remark=\count101
\c@figure=\count102
\c@table=\count103
\abovecaptionskip=\skip41
\belowcaptionskip=\skip42
\figcapgap=\dimen110
\tabcapgap=\dimen111
\figgap=\dimen112
\bibindent=\dimen113
\@tempcntc=\count104
) (/usr/local/texlive/2013/texmf-dist/tex/latex/graphics/graphicx.sty
Package: graphicx 1999/02/16 v1.0f Enhanced LaTeX Graphics (DPC,SPQR)

(/usr/local/texlive/2013/texmf-dist/tex/latex/graphics/keyval.sty
Package: keyval 1999/03/16 v1.13 key=value parser (DPC)
\KV@toks@=\toks16
)
(/usr/local/texlive/2013/texmf-dist/tex/latex/graphics/graphics.sty
Package: graphics 2009/02/05 v1.0o Standard LaTeX Graphics (DPC,SPQR)

(/usr/local/texlive/2013/texmf-dist/tex/latex/graphics/trig.sty
Package: trig 1999/03/16 v1.09 sin cos tan (DPC)
)
(/usr/local/texlive/2013/texmf-dist/tex/latex/latexconfig/graphics.cfg
File: graphics.cfg 2010/04/23 v1.9 graphics configuration of TeX Live
)
Package graphics Info: Driver file: pdftex.def on input line 91.

(/usr/local/texlive/2013/texmf-dist/tex/latex/pdftex-def/pdftex.def
File: pdftex.def 2011/05/27 v0.06d Graphics/color for pdfTeX

(/usr/local/texlive/2013/texmf-dist/tex/generic/oberdiek/infwarerr.sty
Package: infwarerr 2010/04/08 v1.3 Providing info/warning/error messages (HO)
)
(/usr/local/texlive/2013/texmf-dist/tex/generic/oberdiek/ltxcmds.sty
Package: ltxcmds 2011/11/09 v1.22 LaTeX kernel commands for general use (HO)
)
\Gread@gobject=\count105
))
\Gin@req@height=\dimen114
\Gin@req@width=\dimen115
)
(/usr/local/texlive/2013/texmf-dist/tex/latex/natbib/natbib.sty
Package: natbib 2010/09/13 8.31b (PWD, AO)
\bibhang=\skip43
\bibsep=\skip44
LaTeX Info: Redefining \cite on input line 694.
\c@NAT@ctr=\count106
)
(./msr_journal.aux)
\openout1 = `msr_journal.aux'.

LaTeX Font Info:    Checking defaults for OML/cmm/m/it on input line 73.
LaTeX Font Info:    ... okay on input line 73.
LaTeX Font Info:    Checking defaults for T1/cmr/m/n on input line 73.
LaTeX Font Info:    ... okay on input line 73.
LaTeX Font Info:    Checking defaults for OT1/cmr/m/n on input line 73.
LaTeX Font Info:    ... okay on input line 73.
LaTeX Font Info:    Checking defaults for OMS/cmsy/m/n on input line 73.
LaTeX Font Info:    ... okay on input line 73.
LaTeX Font Info:    Checking defaults for OMX/cmex/m/n on input line 73.
LaTeX Font Info:    ... okay on input line 73.
LaTeX Font Info:    Checking defaults for U/cmr/m/n on input line 73.
LaTeX Font Info:    ... okay on input line 73.
LaTeX Font Info:    Checking defaults for TS1/cmr/m/n on input line 73.
LaTeX Font Info:    ... okay on input line 73.

Unknown journal: specify \journalname{<name of your journal>} in preambel

(/usr/local/texlive/2013/texmf-dist/tex/context/base/supp-pdf.mkii
[Loading MPS to PDF converter (version 2006.09.02).]
\scratchcounter=\count107
\scratchdimen=\dimen116
\scratchbox=\box29
\nofMPsegments=\count108
\nofMParguments=\count109
\everyMPshowfont=\toks17
\MPscratchCnt=\count110
\MPscratchDim=\dimen117
\MPnumerator=\count111
\makeMPintoPDFobject=\count112
\everyMPtoPDFconversion=\toks18
) (/usr/local/texlive/2013/texmf-dist/tex/generic/oberdiek/pdftexcmds.sty
Package: pdftexcmds 2011/11/29 v0.20 Utility functions of pdfTeX for LuaTeX (HO
)

(/usr/local/texlive/2013/texmf-dist/tex/generic/oberdiek/ifluatex.sty
Package: ifluatex 2010/03/01 v1.3 Provides the ifluatex switch (HO)
Package ifluatex Info: LuaTeX not detected.
)
(/usr/local/texlive/2013/texmf-dist/tex/generic/oberdiek/ifpdf.sty
Package: ifpdf 2011/01/30 v2.3 Provides the ifpdf switch (HO)
Package ifpdf Info: pdfTeX in PDF mode is detected.
)
Package pdftexcmds Info: LuaTeX not detected.
Package pdftexcmds Info: \pdf@primitive is available.
Package pdftexcmds Info: \pdf@ifprimitive is available.
Package pdftexcmds Info: \pdfdraftmode found.
)
(/usr/local/texlive/2013/texmf-dist/tex/latex/oberdiek/epstopdf-base.sty
Package: epstopdf-base 2010/02/09 v2.5 Base part for package epstopdf

(/usr/local/texlive/2013/texmf-dist/tex/latex/oberdiek/grfext.sty
Package: grfext 2010/08/19 v1.1 Manage graphics extensions (HO)

(/usr/local/texlive/2013/texmf-dist/tex/generic/oberdiek/kvdefinekeys.sty
Package: kvdefinekeys 2011/04/07 v1.3 Define keys (HO)
))
(/usr/local/texlive/2013/texmf-dist/tex/latex/oberdiek/kvoptions.sty
Package: kvoptions 2011/06/30 v3.11 Key value format for package options (HO)

(/usr/local/texlive/2013/texmf-dist/tex/generic/oberdiek/kvsetkeys.sty
Package: kvsetkeys 2012/04/25 v1.16 Key value parser (HO)

(/usr/local/texlive/2013/texmf-dist/tex/generic/oberdiek/etexcmds.sty
Package: etexcmds 2011/02/16 v1.5 Avoid name clashes with e-TeX commands (HO)
Package etexcmds Info: Could not find \expanded.
(etexcmds)             That can mean that you are not using pdfTeX 1.50 or
(etexcmds)             that some package has redefined \expanded.
(etexcmds)             In the latter case, load this package earlier.
)))
Package grfext Info: Graphics extension search list:
(grfext)             [.png,.pdf,.jpg,.mps,.jpeg,.jbig2,.jb2,.PNG,.PDF,.JPG,.JPE
G,.JBIG2,.JB2,.eps]
(grfext)             \AppendGraphicsExtensions on input line 452.

(/usr/local/texlive/2013/texmf-dist/tex/latex/latexconfig/epstopdf-sys.cfg
File: epstopdf-sys.cfg 2010/07/13 v1.3 Configuration of (r)epstopdf for TeX Liv
e
))
SVJour3 warning: Missing \journalname
LaTeX Font Info:    External font `cmex10' loaded for size
(Font)              <7> on input line 104.
LaTeX Font Info:    External font `cmex10' loaded for size
(Font)              <5> on input line 104.
LaTeX Font Info:    External font `cmex10' loaded for size
(Font)              <8> on input line 104.
LaTeX Font Info:    External font `cmex10' loaded for size
(Font)              <6> on input line 104.
[1{/usr/local/texlive/2013/texmf-var/fonts/map/pdftex/updmap/pdftex.map}]
[2] [3] [4] <stack_review6.png, id=23, 465.4188pt x 195.129pt>
File: stack_review6.png Graphic file (type png)

<use stack_review6.png>
Package pdftex.def Info: stack_review6.png used on input line 313.
(pdftex.def)             Requested size: 255.98112pt x 107.32127pt.

Overfull \hbox (8.91728pt too wide) in paragraph at lines 353--362
\OT1/cmr/m/n/10 ([[], [], [], []]). For checked ex-cep-tions, this is au-to-mat
-i-cally the case. Bloch [[]]
 []

[5 <./stack_review6.png>] <overview_review.png, id=30, 1404.447pt x 421.575pt>
File: overview_review.png Graphic file (type png)

<use overview_review.png>
Package pdftex.def Info: overview_review.png used on input line 369.
(pdftex.def)             Requested size: 304.19794pt x 91.30585pt.
 [6 <./overview_review.png>]
Underfull \vbox (badness 6741) has occurred while \output is active []

 [7]

LaTeX Warning: Reference `txab:lables' on page 8 undefined on input line 501.


Underfull \hbox (badness 10000) in paragraph at lines 551--551
[][]\OT1/cmr/m/n/8 In sev-eral ex-cep-tion stack traces, the ex-cep-tion frames
 were pre-
 []


Underfull \hbox (badness 10000) in paragraph at lines 551--551
\OT1/cmr/m/n/8 ceeded by log-ging in-for-ma-tion e.g., \OT1/cmtt/m/n/8 03-01 15
:55:01.609 (7924): at
 []

[8] [9] [10]
Overfull \hbox (91.67972pt too wide) in paragraph at lines 658--676
 [][] 
 []


Underfull \vbox (badness 5970) has occurred while \output is active []

 [11]
[12] [13] [14]
Overfull \hbox (83.84157pt too wide) in paragraph at lines 954--978
 [][] 
 []

[15] [16] [17]
Missing character: There is no â in font cmr10!
Missing character: There is no € in font cmr10!
Missing character: There is no ™ in font cmr10!
 [18] [19] [20] [21] [22] (./msr_journal.bbl
Underfull \hbox (badness 10000) in paragraph at lines 12--15
[]\OT1/cmr/m/n/10 (2013) Checked or unchecked ex-cep-tions?
 []


Underfull \hbox (badness 10000) in paragraph at lines 12--15
\OT1/cmr/m/n/10 http://tutorials.jenkov.com/java-exception-handling/checked-or-

 []

[23]
Underfull \hbox (badness 10000) in paragraph at lines 29--32
[]\OT1/cmr/m/n/10 (2014) Java: checked vs unchecked ex-cep-tion ex-pla-na-tion.

 []


Underfull \hbox (badness 10000) in paragraph at lines 29--32
\OT1/cmr/m/n/10 http://stackoverflow.com/questions/6115896/java-checked-vs-unch
ecked-
 []


Underfull \hbox (badness 10000) in paragraph at lines 34--36
[]\OT1/cmr/m/n/10 (2014) Java spec-i-fi-ca-tion on back-ward com-pat-i-bil-ity.

 []


Underfull \hbox (badness 10000) in paragraph at lines 38--41
[]\OT1/cmr/m/n/10 (2014) The Java tu-to-rial. Unchecked ex-cep-tions: The con-t
ro-
 []


Underfull \hbox (badness 10000) in paragraph at lines 38--41
\OT1/cmr/m/n/10 versy. http://docs.oracle.com/javase/ tu-to-rial/essential /ex-
cep-
 []


Underfull \hbox (badness 10000) in paragraph at lines 43--47
[]\OT1/cmr/m/n/10 (2014) Null ref-er-ences: The bil-lion dol-lar mis-take, ab-
 []


Underfull \hbox (badness 10000) in paragraph at lines 43--47
\OT1/cmr/m/n/10 stract of talk at qcon londo. qconlondon.com/london-
 []


Underfull \hbox (badness 10000) in paragraph at lines 43--47
\OT1/cmr/m/n/10 2009/presentation/Null+References:+The+Billion+Dollar+Mistake,
 []


Underfull \vbox (badness 10000) has occurred while \output is active []

 [24]
Underfull \hbox (badness 2426) in paragraph at lines 168--173
[]\OT1/cmr/m/n/10 Linares-V^^Sasquez M, Bavota G, Bernal-C^^Sardenas C, Di Pent
a M,
 []


Underfull \hbox (badness 3601) in paragraph at lines 168--173
\OT1/cmr/m/n/10 Oliveto R, Poshy-vanyk D (2013) API change and fault prone-
 []


Underfull \hbox (badness 1163) in paragraph at lines 168--173
\OT1/cmr/m/n/10 FSE 2013, ACM, pp 477--487, DOI 10.1145/2491411.2491428, URL
 []


Underfull \vbox (badness 10000) has occurred while \output is active []

 [25]
Underfull \hbox (badness 1490) in paragraph at lines 212--215
[]\OT1/cmr/m/n/10 Ruiz I, Na-gap-pan M, Adams B, Has-san A (2012) Un-der-stand-
ing
 []


Underfull \hbox (badness 1132) in paragraph at lines 212--215
\OT1/cmr/m/n/10 reuse in the An-droid mar-ket. In: Pro-ceed-ings of the In-ter-
na-tional
 []


Underfull \vbox (badness 10000) has occurred while \output is active []

 [26])
[27] (./msr_journal.aux)

LaTeX Warning: There were undefined references.

 ) 
Here is how much of TeX's memory you used:
 2721 strings out of 493315
 40863 string characters out of 6137905
 101879 words of memory out of 5000000
 6155 multiletter control sequences out of 15000+600000
 10915 words of font info for 38 fonts, out of 8000000 for 9000
 957 hyphenation exceptions out of 8191
 38i,9n,28p,729b,347s stack positions out of 5000i,500n,10000p,200000b,80000s
</usr/local/texlive/2013/texmf-dist/fonts/type1/public/amsfonts/cm/cmbsy10.pf
b></usr/local/texlive/2013/texmf-dist/fonts/type1/public/amsfonts/cm/cmbx10.pfb
></usr/local/texlive/2013/texmf-dist/fonts/type1/public/amsfonts/cm/cmbx12.pfb>
</usr/local/texlive/2013/texmf-dist/fonts/type1/public/amsfonts/cm/cmbx8.pfb></
usr/local/texlive/2013/texmf-dist/fonts/type1/public/amsfonts/cm/cmbxti10.pfb><
/usr/local/texlive/2013/texmf-dist/fonts/type1/public/amsfonts/cm/cmr10.pfb></u
sr/local/texlive/2013/texmf-dist/fonts/type1/public/amsfonts/cm/cmr6.pfb></usr/
local/texlive/2013/texmf-dist/fonts/type1/public/amsfonts/cm/cmr7.pfb></usr/loc
al/texlive/2013/texmf-dist/fonts/type1/public/amsfonts/cm/cmr8.pfb></usr/local/
texlive/2013/texmf-dist/fonts/type1/public/amsfonts/cm/cmss8.pfb></usr/local/te
xlive/2013/texmf-dist/fonts/type1/public/amsfonts/cm/cmsy10.pfb></usr/local/tex
live/2013/texmf-dist/fonts/type1/public/amsfonts/cm/cmti10.pfb></usr/local/texl
ive/2013/texmf-dist/fonts/type1/public/amsfonts/cm/cmtt8.pfb>
Output written on msr_journal.pdf (27 pages, 776474 bytes).
PDF statistics:
 149 PDF objects out of 1000 (max. 8388607)
 101 compressed objects within 2 object streams
 0 named destinations out of 1000 (max. 500000)
 11 words of extra memory for PDF output out of 10000 (max. 10000000)

