This is pdfTeX, Version 3.1415926-2.5-1.40.14 (TeX Live 2013) (format=pdflatex 2014.5.6)  12 AUG 2015 17:07
entering extended mode
 restricted \write18 enabled.
 %&-line parsing enabled.
**template.tex
(./template.tex
LaTeX2e <2011/06/27>
Babel <3.9f> and hyphenation patterns for 78 languages loaded.

LaTeX Warning: File `example.eps' already exists on the system.
               Not generating it from this source.

(/usr/local/texlive/2013/texmf-dist/tex/latex/base/fix-cm.sty
Package: fix-cm 2006/09/13 v1.1m fixes to LaTeX

(/usr/local/texlive/2013/texmf-dist/tex/latex/base/ts1enc.def
File: ts1enc.def 2001/06/05 v3.0e (jk/car/fm) Standard LaTeX file
)) (./svjour3.cls
Document Class: svjour3 2007/05/08 v3.2 
LaTeX document class for Springer journals
Class Springer-SVJour3 Info: extra/valid Springer sub-package (-> *.clo) 
(Springer-SVJour3)           not found in option list of \documentclass
(Springer-SVJour3)           - autoactivating "global" style.
(./svglov3.clo
File: svglov3.clo 2009/12/18 v3.2 style option for standardised journals

SVJour Class option: svglov3.clo for standardised journals
)
LaTeX Font Info:    Redeclaring math symbol \Gamma on input line 147.
LaTeX Font Info:    Redeclaring math symbol \Delta on input line 148.
LaTeX Font Info:    Redeclaring math symbol \Theta on input line 149.
LaTeX Font Info:    Redeclaring math symbol \Lambda on input line 150.
LaTeX Font Info:    Redeclaring math symbol \Xi on input line 151.
LaTeX Font Info:    Redeclaring math symbol \Pi on input line 152.
LaTeX Font Info:    Redeclaring math symbol \Sigma on input line 153.
LaTeX Font Info:    Redeclaring math symbol \Upsilon on input line 154.
LaTeX Font Info:    Redeclaring math symbol \Phi on input line 155.
LaTeX Font Info:    Redeclaring math symbol \Psi on input line 156.
LaTeX Font Info:    Redeclaring math symbol \Omega on input line 157.
\logodepth=\dimen102
\headerboxheight=\dimen103
\betweenumberspace=\dimen104
\aftertext=\dimen105
\headlineindent=\dimen106
\c@inst=\count79
\c@auth=\count80
\instindent=\dimen107
\authrun=\box26
\authorrunning=\toks14
\titrun=\box27
\titlerunning=\toks15
\combirun=\box28
\c@lastpage=\count81
\rubricwidth=\dimen108
\c@section=\count82
\c@subsection=\count83
\c@subsubsection=\count84
\c@paragraph=\count85
\c@subparagraph=\count86
\spthmsep=\dimen109
\c@theorem=\count87
\c@case=\count88
\c@conjecture=\count89
\c@corollary=\count90
\c@definition=\count91
\c@example=\count92
\c@exercise=\count93
\c@lemma=\count94
\c@note=\count95
\c@problem=\count96
\c@property=\count97
\c@proposition=\count98
\c@question=\count99
\c@solution=\count100
\c@remark=\count101
\c@figure=\count102
\c@table=\count103
\abovecaptionskip=\skip41
\belowcaptionskip=\skip42
\figcapgap=\dimen110
\tabcapgap=\dimen111
\figgap=\dimen112
\bibindent=\dimen113
\@tempcntc=\count104
) (/usr/local/texlive/2013/texmf-dist/tex/latex/graphics/graphicx.sty
Package: graphicx 1999/02/16 v1.0f Enhanced LaTeX Graphics (DPC,SPQR)

(/usr/local/texlive/2013/texmf-dist/tex/latex/graphics/keyval.sty
Package: keyval 1999/03/16 v1.13 key=value parser (DPC)
\KV@toks@=\toks16
)
(/usr/local/texlive/2013/texmf-dist/tex/latex/graphics/graphics.sty
Package: graphics 2009/02/05 v1.0o Standard LaTeX Graphics (DPC,SPQR)

(/usr/local/texlive/2013/texmf-dist/tex/latex/graphics/trig.sty
Package: trig 1999/03/16 v1.09 sin cos tan (DPC)
)
(/usr/local/texlive/2013/texmf-dist/tex/latex/latexconfig/graphics.cfg
File: graphics.cfg 2010/04/23 v1.9 graphics configuration of TeX Live
)
Package graphics Info: Driver file: pdftex.def on input line 91.

(/usr/local/texlive/2013/texmf-dist/tex/latex/pdftex-def/pdftex.def
File: pdftex.def 2011/05/27 v0.06d Graphics/color for pdfTeX

(/usr/local/texlive/2013/texmf-dist/tex/generic/oberdiek/infwarerr.sty
Package: infwarerr 2010/04/08 v1.3 Providing info/warning/error messages (HO)
)
(/usr/local/texlive/2013/texmf-dist/tex/generic/oberdiek/ltxcmds.sty
Package: ltxcmds 2011/11/09 v1.22 LaTeX kernel commands for general use (HO)
)
\Gread@gobject=\count105
))
\Gin@req@height=\dimen114
\Gin@req@width=\dimen115
)
(./template.aux)
\openout1 = `template.aux'.

LaTeX Font Info:    Checking defaults for OML/cmm/m/it on input line 74.
LaTeX Font Info:    ... okay on input line 74.
LaTeX Font Info:    Checking defaults for T1/cmr/m/n on input line 74.
LaTeX Font Info:    ... okay on input line 74.
LaTeX Font Info:    Checking defaults for OT1/cmr/m/n on input line 74.
LaTeX Font Info:    ... okay on input line 74.
LaTeX Font Info:    Checking defaults for OMS/cmsy/m/n on input line 74.
LaTeX Font Info:    ... okay on input line 74.
LaTeX Font Info:    Checking defaults for OMX/cmex/m/n on input line 74.
LaTeX Font Info:    ... okay on input line 74.
LaTeX Font Info:    Checking defaults for U/cmr/m/n on input line 74.
LaTeX Font Info:    ... okay on input line 74.
LaTeX Font Info:    Checking defaults for TS1/cmr/m/n on input line 74.
LaTeX Font Info:    ... okay on input line 74.

Unknown journal: specify \journalname{<name of your journal>} in preambel

(/usr/local/texlive/2013/texmf-dist/tex/context/base/supp-pdf.mkii
[Loading MPS to PDF converter (version 2006.09.02).]
\scratchcounter=\count106
\scratchdimen=\dimen116
\scratchbox=\box29
\nofMPsegments=\count107
\nofMParguments=\count108
\everyMPshowfont=\toks17
\MPscratchCnt=\count109
\MPscratchDim=\dimen117
\MPnumerator=\count110
\makeMPintoPDFobject=\count111
\everyMPtoPDFconversion=\toks18
) (/usr/local/texlive/2013/texmf-dist/tex/generic/oberdiek/pdftexcmds.sty
Package: pdftexcmds 2011/11/29 v0.20 Utility functions of pdfTeX for LuaTeX (HO
)

(/usr/local/texlive/2013/texmf-dist/tex/generic/oberdiek/ifluatex.sty
Package: ifluatex 2010/03/01 v1.3 Provides the ifluatex switch (HO)
Package ifluatex Info: LuaTeX not detected.
)
(/usr/local/texlive/2013/texmf-dist/tex/generic/oberdiek/ifpdf.sty
Package: ifpdf 2011/01/30 v2.3 Provides the ifpdf switch (HO)
Package ifpdf Info: pdfTeX in PDF mode is detected.
)
Package pdftexcmds Info: LuaTeX not detected.
Package pdftexcmds Info: \pdf@primitive is available.
Package pdftexcmds Info: \pdf@ifprimitive is available.
Package pdftexcmds Info: \pdfdraftmode found.
)
(/usr/local/texlive/2013/texmf-dist/tex/latex/oberdiek/epstopdf-base.sty
Package: epstopdf-base 2010/02/09 v2.5 Base part for package epstopdf

(/usr/local/texlive/2013/texmf-dist/tex/latex/oberdiek/grfext.sty
Package: grfext 2010/08/19 v1.1 Manage graphics extensions (HO)

(/usr/local/texlive/2013/texmf-dist/tex/generic/oberdiek/kvdefinekeys.sty
Package: kvdefinekeys 2011/04/07 v1.3 Define keys (HO)
))
(/usr/local/texlive/2013/texmf-dist/tex/latex/oberdiek/kvoptions.sty
Package: kvoptions 2011/06/30 v3.11 Key value format for package options (HO)

(/usr/local/texlive/2013/texmf-dist/tex/generic/oberdiek/kvsetkeys.sty
Package: kvsetkeys 2012/04/25 v1.16 Key value parser (HO)

(/usr/local/texlive/2013/texmf-dist/tex/generic/oberdiek/etexcmds.sty
Package: etexcmds 2011/02/16 v1.5 Avoid name clashes with e-TeX commands (HO)
Package etexcmds Info: Could not find \expanded.
(etexcmds)             That can mean that you are not using pdfTeX 1.50 or
(etexcmds)             that some package has redefined \expanded.
(etexcmds)             In the latter case, load this package earlier.
)))
Package grfext Info: Graphics extension search list:
(grfext)             [.png,.pdf,.jpg,.mps,.jpeg,.jbig2,.jb2,.PNG,.PDF,.JPG,.JPE
G,.JBIG2,.JB2,.eps]
(grfext)             \AppendGraphicsExtensions on input line 452.

(/usr/local/texlive/2013/texmf-dist/tex/latex/latexconfig/epstopdf-sys.cfg
File: epstopdf-sys.cfg 2010/07/13 v1.3 Configuration of (r)epstopdf for TeX Liv
e
))
SVJour3 warning: Missing \journalname
LaTeX Font Info:    External font `cmex10' loaded for size
(Font)              <7> on input line 105.
LaTeX Font Info:    External font `cmex10' loaded for size
(Font)              <5> on input line 105.
LaTeX Font Info:    External font `cmex10' loaded for size
(Font)              <8> on input line 105.
LaTeX Font Info:    External font `cmex10' loaded for size
(Font)              <6> on input line 105.

LaTeX Warning: Citation `McDon13' on page 1 undefined on input line 123.


LaTeX Warning: Citation `Zhang12' on page 1 undefined on input line 124.


LaTeX Warning: Citation `goodenough1975exception' on page 1 undefined on input 
line 128.


LaTeX Warning: Citation `miller1997issues' on page 1 undefined on input line 14
0.


LaTeX Warning: Citation `Robil00' on page 1 undefined on input line 140.


LaTeX Warning: Citation `shah2010understanding' on page 1 undefined on input li
ne 140.


LaTeX Warning: Citation ` garcia2007extracting' on page 1 undefined on input li
ne 140.


LaTeX Warning: Citation `garcia2001comparative' on page 1 undefined on input li
ne 140.


LaTeX Warning: Citation `cabral2007exception' on page 1 undefined on input line
 140.


LaTeX Warning: Citation `coelho2011unveiling' on page 1 undefined on input line
 140.


LaTeX Warning: Citation `yuan:2014.osdi' on page 1 undefined on input line 140.



LaTeX Warning: Citation `jo2004uncaught' on page 1 undefined on input line 142.



LaTeX Warning: Citation ` Zhang12' on page 1 undefined on input line 142.


LaTeX Warning: Citation `coelho2011unveiling' on page 1 undefined on input line
 143.

[1{/usr/local/texlive/2013/texmf-var/fonts/map/pdftex/updmap/pdftex.map}]

LaTeX Warning: Citation `gosling2000java' on page 2 undefined on input line 147
.


LaTeX Warning: Citation `gosling2000java' on page 2 undefined on input line 149
.


LaTeX Warning: Citation `bloch2008effective' on page 2 undefined on input line 
149.


LaTeX Warning: Citation `binder2000testing' on page 2 undefined on input line 1
71.


LaTeX Warning: Citation `gosling2000java' on page 2 undefined on input line 177
.


LaTeX Warning: Citation `wirfs2006toward' on page 2 undefined on input line 178
.


LaTeX Warning: Citation `bloch2008effective' on page 2 undefined on input line 
178.

[2]

LaTeX Warning: Citation `kim2013predicting' on page 3 undefined on input line 2
13.


LaTeX Warning: Citation `fraser20131600' on page 3 undefined on input line 213.



LaTeX Warning: Citation `csallner2004jcrasher' on page 3 undefined on input lin
e 213.


LaTeX Warning: Citation `kechagia2014' on page 3 undefined on input line 214.

[3]

LaTeX Warning: Citation `gosling2000java' on page 4 undefined on input line 267
.


LaTeX Warning: Citation `gosling2000java' on page 4 undefined on input line 283
.


LaTeX Warning: Citation `javatut' on page 4 undefined on input line 288.


LaTeX Warning: Citation `stackoverlow' on page 4 undefined on input line 288.


LaTeX Warning: Citation `debate' on page 4 undefined on input line 288.


LaTeX Warning: Citation `miller1997issues' on page 4 undefined on input line 29
7.

[4] <stack_review6.png, id=23, 465.4188pt x 195.129pt>
File: stack_review6.png Graphic file (type png)
 <use stack_review6.png>
Package pdftex.def Info: stack_review6.png used on input line 314.
(pdftex.def)             Requested size: 255.98112pt x 107.32127pt.


LaTeX Warning: Citation `mandrioli1992advances' on page 5 undefined on input li
ne 324.


LaTeX Warning: Citation `gosling2000java' on page 5 undefined on input line 324
.


LaTeX Warning: Citation `wirfs2006toward' on page 5 undefined on input line 324
.


LaTeX Warning: Citation ` bloch2008effective' on page 5 undefined on input line
 324.


LaTeX Warning: Citation `mandrioli1992advances' on page 5 undefined on input li
ne 331.


LaTeX Warning: Citation `gosling2000java' on page 5 undefined on input line 331
.


LaTeX Warning: Citation `wirfs2006toward' on page 5 undefined on input line 331
.


LaTeX Warning: Citation `bloch2008effective' on page 5 undefined on input line 
331.


LaTeX Warning: Citation `gosling2000java' on page 5 undefined on input line 336
.


LaTeX Warning: Citation `gosling2000java' on page 5 undefined on input line 339
.


LaTeX Warning: Citation `gosling2000java' on page 5 undefined on input line 346
.


LaTeX Warning: Citation `bloch2008effective' on page 5 undefined on input line 
346.


LaTeX Warning: Citation `mandrioli1992advances' on page 5 undefined on input li
ne 355.


LaTeX Warning: Citation `gosling2000java' on page 5 undefined on input line 355
.


LaTeX Warning: Citation `wirfs2006toward' on page 5 undefined on input line 355
.


LaTeX Warning: Citation `bloch2008effective' on page 5 undefined on input line 
355.


LaTeX Warning: Citation `bloch2008effective' on page 5 undefined on input line 
357.


LaTeX Warning: Citation `Robil00' on page 5 undefined on input line 362.


LaTeX Warning: Citation `wirfs2006toward' on page 5 undefined on input line 362
.

[5 <./stack_review6.png>] <overview_review.png, id=30, 1404.447pt x 421.575pt>
File: overview_review.png Graphic file (type png)

<use overview_review.png>
Package pdftex.def Info: overview_review.png used on input line 368.
(pdftex.def)             Requested size: 304.19794pt x 91.30585pt.


LaTeX Warning: Citation `Linar13' on page 6 undefined on input line 412.


LaTeX Warning: Citation `Ruiz12' on page 6 undefined on input line 412.

[6 <./overview_review.png>]

LaTeX Warning: Citation `Gousi13' on page 7 undefined on input line 455.

[7]

LaTeX Warning: Reference `txab:lables' on page 8 undefined on input line 500.


Underfull \hbox (badness 10000) in paragraph at lines 550--550
[][]\OT1/cmr/m/n/8 In sev-eral ex-cep-tion stack traces, the ex-cep-tion frames
 were pre-
 []


Underfull \hbox (badness 10000) in paragraph at lines 550--550
\OT1/cmr/m/n/8 ceeded by log-ging in-for-ma-tion e.g., \OT1/cmtt/m/n/8 03-01 15
:55:01.609 (7924): at
 []

[8]

LaTeX Warning: Citation `Brunet09' on page 9 undefined on input line 555.

[9]
Overfull \hbox (103.75092pt too wide) in paragraph at lines 622--627
\OT1/cmr/m/n/10 All the data used in this study is pub-licly avail-able at http
s://github.com/souzacoelho/exceptionminer.
 []


Overfull \hbox (91.67972pt too wide) in paragraph at lines 657--675
 [][] 
 []

[10]

LaTeX Warning: Citation `bloch2008effective' on page 11 undefined on input line
 691.


LaTeX Warning: Citation `kim2013predicting' on page 11 undefined on input line 
695.


LaTeX Warning: Citation `fraser20131600' on page 11 undefined on input line 695
.


LaTeX Warning: Citation `csallner2004jcrasher' on page 11 undefined on input li
ne 695.


LaTeX Warning: Citation `kechagia2014' on page 11 undefined on input line 695.


LaTeX Warning: Citation `kechagia2014' on page 11 undefined on input line 698.


LaTeX Warning: Citation `maji2012empirical' on page 11 undefined on input line 
699.


LaTeX Warning: Citation `csallner2004jcrasher' on page 11 undefined on input li
ne 699.


LaTeX Warning: Citation `ama2012' on page 11 undefined on input line 714.


LaTeX Warning: Citation `McDon13' on page 11 undefined on input line 714.


LaTeX Warning: Citation `enck2011study' on page 11 undefined on input line 714.



LaTeX Warning: Citation `was2010' on page 11 undefined on input line 714.


LaTeX Warning: Citation `Zhang12' on page 11 undefined on input line 714.


LaTeX Warning: Citation `javaback' on page 11 undefined on input line 720.

[11] [12]

LaTeX Warning: Citation `miller1997issues' on page 13 undefined on input line 7
97.


LaTeX Warning: Citation `sacramento2006unchecked' on page 13 undefined on input
 line 846.


LaTeX Warning: Citation `kechagia2014' on page 13 undefined on input line 846.


LaTeX Warning: Citation `sacramento2006unchecked' on page 13 undefined on input
 line 847.


LaTeX Warning: Citation `kechagia2014' on page 13 undefined on input line 849.

[13]
Underfull \vbox (badness 7186) has occurred while \output is active []

 [14]
Overfull \hbox (83.84157pt too wide) in paragraph at lines 953--977
 [][] 
 []

[15] [16]

LaTeX Warning: Citation `hoare2' on page 17 undefined on input line 1115.


LaTeX Warning: Citation `nanda2009accurate' on page 17 undefined on input line 
1121.


LaTeX Warning: Citation `Walde95' on page 17 undefined on input line 1123.

[17]

LaTeX Warning: Citation `Robil00' on page 18 undefined on input line 1141.


LaTeX Warning: Citation `van2005combining' on page 18 undefined on input line 1
148.


LaTeX Warning: Citation `Linar13' on page 18 undefined on input line 1181.


LaTeX Warning: Citation `McDon13' on page 18 undefined on input line 1181.


LaTeX Warning: Citation `Ruiz12' on page 18 undefined on input line 1181.


LaTeX Warning: Citation `BugSe14' on page 18 undefined on input line 1195.


LaTeX Warning: Citation `BugSn14' on page 18 undefined on input line 1195.


LaTeX Warning: Citation `Googl14' on page 18 undefined on input line 1195.


LaTeX Warning: Citation `Acra14' on page 18 undefined on input line 1195.

[18]

LaTeX Warning: Citation `wang2013improving' on page 19 undefined on input line 
1213.


LaTeX Warning: Citation ` kim2011crash' on page 19 undefined on input line 1213
.


LaTeX Warning: Citation ` dhaliwal2011classifying' on page 19 undefined on inpu
t line 1213.


LaTeX Warning: Citation `kim2013predicting' on page 19 undefined on input line 
1214.


LaTeX Warning: Citation `sinha2009fault' on page 19 undefined on input line 121
5.


LaTeX Warning: Citation `kechagia2014' on page 19 undefined on input line 1215.



LaTeX Warning: Citation `kim2011crash' on page 19 undefined on input line 1216.



LaTeX Warning: Citation `dhaliwal2011classifying' on page 19 undefined on input
 line 1219.


LaTeX Warning: Citation `wang2013improving' on page 19 undefined on input line 
1221.


LaTeX Warning: Citation `schroter2010stack' on page 19 undefined on input line 
1223.


LaTeX Warning: Citation `bettenburg2008makes' on page 19 undefined on input lin
e 1227.


LaTeX Warning: Citation `sinha2009fault' on page 19 undefined on input line 122
8.


LaTeX Warning: Citation `kim2013predicting' on page 19 undefined on input line 
1231.


LaTeX Warning: Citation `kechagia2014' on page 19 undefined on input line 1235.


[19]

LaTeX Warning: Citation `bettenburg2008extracting' on page 20 undefined on inpu
t line 1255.


LaTeX Warning: Citation `bacchelli2012content' on page 20 undefined on input li
ne 1259.


LaTeX Warning: Citation `cabral2007exception' on page 20 undefined on input lin
e 1266.


LaTeX Warning: Citation `coelho2008assessing' on page 20 undefined on input lin
e 1269.


LaTeX Warning: Citation `Zhang12' on page 20 undefined on input line 1277.


LaTeX Warning: Citation `Ruiz12' on page 20 undefined on input line 1289.


LaTeX Warning: Citation `Patha11' on page 20 undefined on input line 1293.


LaTeX Warning: Citation `McDon13' on page 20 undefined on input line 1296.


LaTeX Warning: Citation `Linar13' on page 20 undefined on input line 1300.

[20]
No file template.bbl.
[21] (./template.aux)

LaTeX Warning: There were undefined references.

 ) 
Here is how much of TeX's memory you used:
 2281 strings out of 493315
 34333 string characters out of 6137905
 94465 words of memory out of 5000000
 5721 multiletter control sequences out of 15000+600000
 10915 words of font info for 38 fonts, out of 8000000 for 9000
 957 hyphenation exceptions out of 8191
 37i,9n,23p,491b,309s stack positions out of 5000i,500n,10000p,200000b,80000s
</usr/local/texlive/2013/texmf-dist/fonts/type1/public/amsfonts/cm/cmbsy10.pf
b></usr/local/texlive/2013/texmf-dist/fonts/type1/public/amsfonts/cm/cmbx10.pfb
></usr/local/texlive/2013/texmf-dist/fonts/type1/public/amsfonts/cm/cmbx12.pfb>
</usr/local/texlive/2013/texmf-dist/fonts/type1/public/amsfonts/cm/cmbx8.pfb></
usr/local/texlive/2013/texmf-dist/fonts/type1/public/amsfonts/cm/cmbxti10.pfb><
/usr/local/texlive/2013/texmf-dist/fonts/type1/public/amsfonts/cm/cmr10.pfb></u
sr/local/texlive/2013/texmf-dist/fonts/type1/public/amsfonts/cm/cmr6.pfb></usr/
local/texlive/2013/texmf-dist/fonts/type1/public/amsfonts/cm/cmr7.pfb></usr/loc
al/texlive/2013/texmf-dist/fonts/type1/public/amsfonts/cm/cmr8.pfb></usr/local/
texlive/2013/texmf-dist/fonts/type1/public/amsfonts/cm/cmss8.pfb></usr/local/te
xlive/2013/texmf-dist/fonts/type1/public/amsfonts/cm/cmsy10.pfb></usr/local/tex
live/2013/texmf-dist/fonts/type1/public/amsfonts/cm/cmti10.pfb></usr/local/texl
ive/2013/texmf-dist/fonts/type1/public/amsfonts/cm/cmtt8.pfb>
Output written on template.pdf (21 pages, 759391 bytes).
PDF statistics:
 129 PDF objects out of 1000 (max. 8388607)
 88 compressed objects within 1 object stream
 0 named destinations out of 1000 (max. 500000)
 11 words of extra memory for PDF output out of 10000 (max. 10000000)

